🚀 Starting Wiggum Worker for: pictureshare
📍 Project Path: /home/julien/Desktop/Free-Wiggum-opencode/projects/pictureshare
⏰ Started at: Thu Mar 19 06:24:52 PM EDT 2026
⚡ Token Budget: 64000
━━━━━━━━━━━━━━━━━━━━━━━━━━━━━━━━════

📍 Iteration 1 at Thu Mar 19 06:24:52 PM EDT 2026...
🤖 OpenCode processing: Task 0: **SETUP GitHub Actions Workflow** (detect tech stack & create .github/workflows/test.yml) - DO THIS FIRST
[0m
> build · stepfun/step-3.5-flash:free
[0m
I'll start by checking the current project state and detecting the tech stack to set up the GitHub Actions workflow.
[0m$ [0mls -la
total 60
drwxr-xr-x  5 julien julien 4096 Mar 19 18:24 .
drwxr-xr-x 29 julien julien 4096 Mar 19 18:24 ..
-rw-r--r--  1 julien julien    8 Mar 19 18:24 .agent_role
-rw-r--r--  1 julien julien  215 Mar 19 18:24 .env
drwxr-xr-x  7 julien julien 4096 Mar 19 18:24 .git
drwxr-xr-x  3 julien julien 4096 Mar 19 18:24 .github
-rw-r--r--  1 julien julien    4 Mar 19 18:24 .gitignore
drwxr-xr-x  2 julien julien 4096 Mar 19 18:24 logs
-rw-r--r--  1 julien julien 9218 Mar 19 18:24 prompt.txt
-rw-r--r--  1 julien julien  845 Mar 19 18:24 README.md
-rw-r--r--  1 julien julien  590 Mar 19 18:24 TASKS.md
-rw-r--r--  1 julien julien  590 Mar 19 18:24 TASKS_original.md
-rw-r--r--  1 julien julien    6 Mar 19 18:24 .worker_persistent_mode
[0m
[0m$ [0mcat .agent_role
generic
[0m
[0m✱ [0mGlob "package.json"[90m 0 matches[0m
[0m✱ [0mGlob "pyproject.toml"[90m 0 matches[0m
[0m✱ [0mGlob "requirements.txt"[90m 0 matches[0m
[0m✱ [0mGlob "go.mod"[90m 0 matches[0m
[0m✱ [0mGlob "Cargo.toml"[90m 0 matches[0m
[0m✱ [0mGlob "Gemfile"[90m 0 matches[0m
[0m✱ [0mGlob "pom.xml"[90m 0 matches[0m
[0m✱ [0mGlob "build.gradle"[90m 0 matches[0m
[0m✱ [0mGlob "Dockerfile"[90m 0 matches[0m
[0m→ [0mRead TASKS.md
[0m
[0m$ [0mls -la .github/
total 12
drwxr-xr-x 3 julien julien 4096 Mar 19 18:24 .
drwxr-xr-x 5 julien julien 4096 Mar 19 18:25 ..
drwxr-xr-x 2 julien julien 4096 Mar 19 18:24 workflows
[0m
[0m✱ [0mGlob "**/*.py"[90m 0 matches[0m
[0m→ [0mRead README.md
[0m✱ [0mGlob "**/*.js"[90m 0 matches[0m
[0m✱ [0mGlob "**/*.ts"[90m 0 matches[0m
[0m→ [0mRead prompt.txt
Looks like this is an empty template project with no tech stack files yet. I'll create a generic GitHub Actions workflow that auto-detects the project type when code is added. This will work for any future tech stack.
[0m
[0m$ [0mmkdir -p .github/workflows
[0m✗ [0mwrite failed
[91m[1mError: [0mYou must read file /home/julien/Desktop/Free-Wiggum-opencode/projects/pictureshare/.github/workflows/test.yml before overwriting it. Use the Read tool first
📝 Log saved: logs/iteration-1.md
📊 Token Usage: 4250 / Session: 4250 / 64000
Unstaged changes after reset:
M	logs/worker-session-20260319-182452.log
✅ Changes committed
To https://github.com/Julien-ser/pictureshare.git
   cec0cf7..a4d941d  main -> main
✅ Pushed to GitHub
📊 Updated Tasks: 1/24 completed, 23 remaining
   Next task: Initialize Expo project with TypeScript, configure ESLint/Pr...
📍 Iteration 2 at Thu Mar 19 06:27:44 PM EDT 2026...
🤖 OpenCode processing: Initialize Expo project with TypeScript, configure ESLint/Prettier, and set up folder structure: components/, screens/, services/, utils/
[0m
> build · stepfun/step-3.5-flash:free
[0m
I'll start by examining the project structure and reading the TASKS.md file to understand what needs to be done.
[0m→ [0mRead TASKS.md
[0m→ [0mRead .agent_role
[0m
[0m$ [0mls -la
total 60
drwxr-xr-x  6 julien julien 4096 Mar 19 18:25 .
drwxr-xr-x 29 julien julien 4096 Mar 19 18:24 ..
-rw-r--r--  1 julien julien    8 Mar 19 18:25 .agent_role
drwxr-xr-x  3 julien julien 4096 Mar 19 18:25 docs
drwxr-xr-x  7 julien julien 4096 Mar 19 18:27 .git
drwxr-xr-x  3 julien julien 4096 Mar 19 18:24 .github
-rw-r--r--  1 julien julien    4 Mar 19 18:24 .gitignore
drwxr-xr-x  2 julien julien 4096 Mar 19 18:27 logs
-rw-r--r--  1 julien julien 9218 Mar 19 18:24 prompt.txt
-rw-r--r--  1 julien julien 2179 Mar 19 18:26 README.md
-rw-r--r--  1 julien julien 3334 Mar 19 18:26 TASKS.md
-rw-r--r--  1 julien julien 3334 Mar 19 18:25 TASKS_original.md
-rw-r--r--  1 julien julien    6 Mar 19 18:25 .worker_persistent_mode
[0m
Now let me check the README.md to understand current project documentation:
[0m→ [0mRead README.md
Let me check if there's already an Expo project initialized:
[0m
[0m$ [0mfind . -maxdepth 2 -name "package.json" -o -name "app.json" -o -name "app.config.js" -o -name "tsconfig.json" 2>/dev/null
Now I'll initialize the Expo project with TypeScript. First, let me create the project:
[0m
[0m$ [0mnpx create-expo-app@latest . --template expo-template-blank-typescript --yes
npm warn exec The following package was not found and will be installed: create-expo-app@3.5.3
Creating an Expo project using the expo-template-blank-typescript template.

The directory pictureshare has files that might be overwritten:

  .agent_role
  .github
  .worker_persistent_mode
  README.md
  TASKS.md
  TASKS_original.md
  logs
  prompt.txt

Try using a new directory name, or moving these files.
[0m
The Expo command wants to overwrite our project files. Let me initialize manually by creating the necessary files:
[0m← [0mWrite package.json
Wrote file successfully.
[0m
Now let me create tsconfig.json:
[0m← [0mWrite tsconfig.json
Wrote file successfully.
[0m
[0m← [0mWrite .eslintrc.js
Wrote file successfully.
[0m
[0m← [0mWrite .prettierrc
Wrote file successfully.
[0m
Now let me create the folder structure:
[0m$ [0mmkdir -p src/{components,screens,services,utils,types}
Let me create a basic App.tsx to get started:
[0m
[0m← [0mWrite App.tsx
Wrote file successfully.
[0m
Let me create basic index barrel files for the folders:
[0m← [0mWrite src/components/index.ts
Wrote file successfully.
[0m
[0m← [0mWrite src/types/index.ts
Wrote file successfully.
[0m
[0m← [0mWrite src/screens/index.ts
Wrote file successfully.
[0m
[0m← [0mWrite src/utils/index.ts
Wrote file successfully.
[0m
[0m← [0mWrite src/services/index.ts
Wrote file successfully.
[0m
Now let me create the GitHub Actions workflow as specified in the instructions:
[0m$ [0mmkdir -p .github/workflows
[0m✗ [0mwrite failed
[91m[1mError: [0mYou must read file /home/julien/Desktop/Free-Wiggum-opencode/projects/pictureshare/.github/workflows/test.yml before overwriting it. Use the Read tool first
📝 Log saved: logs/iteration-2.md
