🚀 Starting Wiggum Worker for: pictureshare
📍 Project Path: /home/julien/Desktop/Free-Wiggum-opencode/projects/pictureshare
⏰ Started at: Thu Mar 19 06:25:13 PM EDT 2026
⚡ Token Budget: 64000
━━━━━━━━━━━━━━━━━━━━━━━━━━━━━━━━════

📍 Iteration 2 at Thu Mar 19 06:25:13 PM EDT 2026...
🤖 OpenCode processing: Choose tech stack: React Native (Expo), Firebase (Auth/Firestore/Storage), react-native-camera, qrcode library; document in ADR
[0m
> build · stepfun/step-3.5-flash:free
[0m
[93m[1m! [0mpermission requested: external_directory (/home/julien/Desktop/Free-Wiggum-opencode/*); auto-rejecting
I'll start by checking the current state of the project and then complete the first task: choosing tech stack and documenting it in an ADR.
[0m✗ [0mread failed
[91m[1mError: [0mThe user rejected permission to use this specific tool call.
[0m
[0m$ [0mls -la
total 56
drwxr-xr-x  5 julien julien 4096 Mar 19 18:25 .
drwxr-xr-x 29 julien julien 4096 Mar 19 18:24 ..
-rw-r--r--  1 julien julien    8 Mar 19 18:25 .agent_role
drwxr-xr-x  7 julien julien 4096 Mar 19 18:25 .git
drwxr-xr-x  3 julien julien 4096 Mar 19 18:24 .github
-rw-r--r--  1 julien julien    4 Mar 19 18:24 .gitignore
drwxr-xr-x  2 julien julien 4096 Mar 19 18:25 logs
-rw-r--r--  1 julien julien 9218 Mar 19 18:24 prompt.txt
-rw-r--r--  1 julien julien  845 Mar 19 18:24 README.md
-rw-r--r--  1 julien julien 3334 Mar 19 18:25 TASKS.md
-rw-r--r--  1 julien julien 3334 Mar 19 18:25 TASKS_original.md
-rw-r--r--  1 julien julien    6 Mar 19 18:25 .worker_persistent_mode
[0m
📝 Log saved: logs/iteration-2.md
