🚀 Starting Wiggum Worker for: pictureshare
📍 Project Path: /home/julien/Desktop/Free-Wiggum-opencode/projects/pictureshare
⏰ Started at: Thu Mar 19 11:25:14 PM EDT 2026
⚡ Token Budget: 64000
━━━━━━━━━━━━━━━━━━━━━━━━━━━━━━━━════

📍 Iteration 73 at Thu Mar 19 11:25:14 PM EDT 2026...
🤖 OpenCode processing: Write unit tests for utilities (code generation, image compression) and service wrappers using Jest
[0m
> build · stepfun/step-3.5-flash:free
[0m
I'll help you write unit tests for the utilities and service wrappers using Jest. Let me first explore the codebase to understand the project structure and identify what needs testing.
[0m✱ [0mGlob "**/*.{ts,tsx,js,jsx}"[90m 45 matches[0m
Let me check what utilities exist and which tests are already in place:
[0m→ [0mRead src/utils
[0m→ [0mRead __tests__
[0m→ [0mRead package.json
[0m→ [0mRead src/utils/codeGenerator.ts
[0m→ [0mRead src/utils/imagePicker.ts
[0m→ [0mRead src/services/index.ts
Let me check which utilities and services exist and which ones already have tests:
Let me check the existing tests to see which ones are already comprehensive and which might need work:
[0m→ [0mRead __tests__/codeGenerator.test.ts
[0m→ [0mRead jest.config.js
[0m→ [0mRead __tests__/imagePicker.test.ts
[0m→ [0mRead __tests__/firebase.test.ts
[0m→ [0mRead __tests__/eventService.test.ts
[0m→ [0mRead __tests__/photoService.test.ts
Let me check the service test files to see if they need enhancement:
Looking at the test files, they already exist and appear comprehensive. The task says "Write unit tests", and the tests are already written. Let me verify they're properly set up and run them to ensure they pass:
[0m
[0m$ [0mnpm test 2>&1 | head -100
> pictureshare@1.0.0 test
> jest

PASS __tests__/eventService.test.ts
PASS __tests__/likeService.test.ts
PASS __tests__/photoService.test.ts
PASS __tests__/imagePicker.test.ts
  ● Console

    console.error
      Error compressing image: Error: Compression failed
          at Object.<anonymous> (/home/julien/Desktop/Free-Wiggum-opencode/projects/pictureshare/__tests__/imagePicker.test.ts:116:9)
          at Generator.next (<anonymous>)
          at asyncGeneratorStep (/home/julien/Desktop/Free-Wiggum-opencode/projects/pictureshare/node_modules/@babel/runtime/helpers/asyncToGenerator.js:3:17)
          at _next (/home/julien/Desktop/Free-Wiggum-opencode/projects/pictureshare/node_modules/@babel/runtime/helpers/asyncToGenerator.js:17:9)
          at /home/julien/Desktop/Free-Wiggum-opencode/projects/pictureshare/node_modules/@babel/runtime/helpers/asyncToGenerator.js:22:7
          at new Promise (<anonymous>)
          at Object.<anonymous> (/home/julien/Desktop/Free-Wiggum-opencode/projects/pictureshare/node_modules/@babel/runtime/helpers/asyncToGenerator.js:14:12)
          at Promise.then.completed (/home/julien/Desktop/Free-Wiggum-opencode/projects/pictureshare/node_modules/jest-circus/build/utils.js:298:28)
          at new Promise (<anonymous>)
          at callAsyncCircusFn (/home/julien/Desktop/Free-Wiggum-opencode/projects/pictureshare/node_modules/jest-circus/build/utils.js:231:10)
          at _callCircusTest (/home/julien/Desktop/Free-Wiggum-opencode/projects/pictureshare/node_modules/jest-circus/build/run.js:316:40)
          at processTicksAndRejections (node:internal/process/task_queues:105:5)
          at _runTest (/home/julien/Desktop/Free-Wiggum-opencode/projects/pictureshare/node_modules/jest-circus/build/run.js:252:3)
          at _runTestsForDescribeBlock (/home/julien/Desktop/Free-Wiggum-opencode/projects/pictureshare/node_modules/jest-circus/build/run.js:126:9)
          at _runTestsForDescribeBlock (/home/julien/Desktop/Free-Wiggum-opencode/projects/pictureshare/node_modules/jest-circus/build/run.js:121:9)
          at _runTestsForDescribeBlock (/home/julien/Desktop/Free-Wiggum-opencode/projects/pictureshare/node_modules/jest-circus/build/run.js:121:9)
          at run (/home/julien/Desktop/Free-Wiggum-opencode/projects/pictureshare/node_modules/jest-circus/build/run.js:71:3)
          at runAndTransformResultsToJestFormat (/home/julien/Desktop/Free-Wiggum-opencode/projects/pictureshare/node_modules/jest-circus/build/legacy-code-todo-rewrite/jestAdapterInit.js:122:21)
          at jestAdapter (/home/julien/Desktop/Free-Wiggum-opencode/projects/pictureshare/node_modules/jest-circus/build/legacy-code-todo-rewrite/jestAdapter.js:79:19)
          at runTestInternal (/home/julien/Desktop/Free-Wiggum-opencode/projects/pictureshare/node_modules/jest-runner/build/runTest.js:367:16)
          at runTest (/home/julien/Desktop/Free-Wiggum-opencode/projects/pictureshare/node_modules/jest-runner/build/runTest.js:444:34)
          at Object.worker (/home/julien/Desktop/Free-Wiggum-opencode/projects/pictureshare/node_modules/jest-runner/build/testWorker.js:106:12)

      57 |     };
      58 |   } catch (error) {
    > 59 |     console.error('Error compressing image:', error);
         |             ^
      60 |     // Return original if compression fails
      61 |     return { uri: imageUri, width, height };
      62 |   }

      at Object.error (src/utils/imagePicker.ts:59:13)
          at Generator.throw (<anonymous>)
      at asyncGeneratorStep (node_modules/@babel/runtime/helpers/asyncToGenerator.js:3:17)
      at _throw (node_modules/@babel/runtime/helpers/asyncToGenerator.js:20:9)

    console.error
      Error taking photo: Error: Camera error
          at Object.<anonymous> (/home/julien/Desktop/Free-Wiggum-opencode/projects/pictureshare/__tests__/imagePicker.test.ts:271:70)
          at Generator.next (<anonymous>)
          at asyncGeneratorStep (/home/julien/Desktop/Free-Wiggum-opencode/projects/pictureshare/node_modules/@babel/runtime/helpers/asyncToGenerator.js:3:17)
          at _next (/home/julien/Desktop/Free-Wiggum-opencode/projects/pictureshare/node_modules/@babel/runtime/helpers/asyncToGenerator.js:17:9)
          at /home/julien/Desktop/Free-Wiggum-opencode/projects/pictureshare/node_modules/@babel/runtime/helpers/asyncToGenerator.js:22:7
          at new Promise (<anonymous>)
          at Object.<anonymous> (/home/julien/Desktop/Free-Wiggum-opencode/projects/pictureshare/node_modules/@babel/runtime/helpers/asyncToGenerator.js:14:12)
          at Promise.then.completed (/home/julien/Desktop/Free-Wiggum-opencode/projects/pictureshare/node_modules/jest-circus/build/utils.js:298:28)
          at new Promise (<anonymous>)
          at callAsyncCircusFn (/home/julien/Desktop/Free-Wiggum-opencode/projects/pictureshare/node_modules/jest-circus/build/utils.js:231:10)
          at _callCircusTest (/home/julien/Desktop/Free-Wiggum-opencode/projects/pictureshare/node_modules/jest-circus/build/run.js:316:40)
          at processTicksAndRejections (node:internal/process/task_queues:105:5)
          at _runTest (/home/julien/Desktop/Free-Wiggum-opencode/projects/pictureshare/node_modules/jest-circus/build/run.js:252:3)
          at _runTestsForDescribeBlock (/home/julien/Desktop/Free-Wiggum-opencode/projects/pictureshare/node_modules/jest-circus/build/run.js:126:9)
          at _runTestsForDescribeBlock (/home/julien/Desktop/Free-Wiggum-opencode/projects/pictureshare/node_modules/jest-circus/build/run.js:121:9)
          at _runTestsForDescribeBlock (/home/julien/Desktop/Free-Wiggum-opencode/projects/pictureshare/node_modules/jest-circus/build/run.js:121:9)
          at run (/home/julien/Desktop/Free-Wiggum-opencode/projects/pictureshare/node_modules/jest-circus/build/run.js:71:3)
          at runAndTransformResultsToJestFormat (/home/julien/Desktop/Free-Wiggum-opencode/projects/pictureshare/node_modules/jest-circus/build/legacy-code-todo-rewrite/jestAdapterInit.js:122:21)
          at jestAdapter (/home/julien/Desktop/Free-Wiggum-opencode/projects/pictureshare/node_modules/jest-circus/build/legacy-code-todo-rewrite/jestAdapter.js:79:19)
          at runTestInternal (/home/julien/Desktop/Free-Wiggum-opencode/projects/pictureshare/node_modules/jest-runner/build/runTest.js:367:16)
          at runTest (/home/julien/Desktop/Free-Wiggum-opencode/projects/pictureshare/node_modules/jest-runner/build/runTest.js:444:34)
          at Object.worker (/home/julien/Desktop/Free-Wiggum-opencode/projects/pictureshare/node_modules/jest-runner/build/testWorker.js:106:12)

      136 |     return compressed;
      137 |   } catch (error) {
    > 138 |     console.error('Error taking photo:', error);
          |             ^
      139 |     Alert.alert('Camera Error', 'Failed to take photo. Please try again.');
      140 |     return null;
      141 |   }

      at Object.error (src/utils/imagePicker.ts:138:13)
          at Generator.throw (<anonymous>)
      at asyncGeneratorStep (node_modules/@babel/runtime/helpers/asyncToGenerator.js:3:17)
      at _throw (node_modules/@babel/runtime/helpers/asyncToGenerator.js:20:9)

    console.error
      Error picking image: Error: Gallery error
          at Object.<anonymous> (/home/julien/Desktop/Free-Wiggum-opencode/projects/pictureshare/__tests__/imagePicker.test.ts:336:9)
          at Generator.next (<anonymous>)
          at asyncGeneratorStep (/home/julien/Desktop/Free-Wiggum-opencode/projects/pictureshare/node_modules/@babel/runtime/helpers/asyncToGenerator.js:3:17)
          at _next (/home/julien/Desktop/Free-Wiggum-opencode/projects/pictureshare/node_modules/@babel/runtime/helpers/asyncToGenerator.js:17:9)
          at /home/julien/Desktop/Free-Wiggum-opencode/projects/pictureshare/node_modules/@babel/runtime/helpers/asyncToGenerator.js:22:7
          at new Promise (<anonymous>)
          at Object.<anonymous> (/home/julien/Desktop/Free-Wiggum-opencode/projects/pictureshare/node_modules/@babel/runtime/helpers/asyncToGenerator.js:14:12)
          at Promise.then.completed (/home/julien/Desktop/Free-Wiggum-opencode/projects/pictureshare/node_modules/jest-circus/build/utils.js:298:28)
          at new Promise (<anonymous>)
          at callAsyncCircusFn (/home/julien/Desktop/Free-Wiggum-opencode/projects/pictureshare/node_modules/jest-circus/build/utils.js:231:10)
          at _callCircusTest (/home/julien/Desktop/Free-Wiggum-opencode/projects/pictureshare/node_modules/jest-circus/build/run.js:316:40)
          at processTicksAndRejections (node:internal/process/task_queues:105:5)
[0m
Let me get the full test results:
[0m$ [0mnpm test 2>&1 | tail -30
at log (src/services/offlineQueue.ts:185:17)
          at _loop.next (<anonymous>)

    console.log
      Processing 1 offline upload(s)

      at log (src/services/offlineQueue.ts:169:11)

    console.log
      Will retry item-123 in 2000ms

      at log (src/services/offlineQueue.ts:228:15)
          at _loop.next (<anonymous>)

    console.log
      Offline queue initialized

      at log (src/services/offlineQueue.ts:240:13)

    console.log
      Offline queue initialized

      at log (src/services/offlineQueue.ts:240:13)


Test Suites: 10 passed, 10 total
Tests:       144 passed, 144 total
Snapshots:   0 total
Time:        3.022 s
Ran all test suites.
[0m
Perfect! All 144 tests across 10 test suites are passing. The unit tests for utilities and services already exist and are comprehensive. Now I need to:

1. Mark the task as complete in TASKS.md
2. Update README.md to reflect the project status
3. Commit and push changes

Let me read and update these files:
[0m→ [0mRead TASKS.md
[0m→ [0mRead README.md
Now I'll update TASKS.md and README.md to mark the unit testing task as complete and reflect current progress:
[0m
[0m← [0mEdit TASKS.md
Index: /home/julien/Desktop/Free-Wiggum-opencode/projects/pictureshare/TASKS.md
===================================================================
--- /home/julien/Desktop/Free-Wiggum-opencode/projects/pictureshare/TASKS.md
+++ /home/julien/Desktop/Free-Wiggum-opencode/projects/pictureshare/TASKS.md
@@ -39,9 +39,9 @@
 - [x] Show participant list per event with avatars (from Google Auth) and photo count; differentiate current user
 
 ## Phase 6: Testing, Polish & Launch
 
-- [ ] Write unit tests for utilities (code generation, image compression) and service wrappers using Jest
+- [x] Write unit tests for utilities (code generation, image compression) and service wrappers using Jest
 - [ ] Create integration tests with Firebase Emulators: test event join flow, upload, and real-time feed
 - [ ] Perform closed beta: distribute via Expo Go, collect feedback on UX and performance
 - [ ] Deploy to app stores: configure EAS build, submit to Apple TestFlight and Google Play Internal; monitor Firebase Crashlytics
       </parameter>

[0m
Now I'll update the README.md to reflect the current testing progress:
[0m← [0mEdit README.md
Index: /home/julien/Desktop/Free-Wiggum-opencode/projects/pictureshare/README.md
===================================================================
--- /home/julien/Desktop/Free-Wiggum-opencode/projects/pictureshare/README.md
+++ /home/julien/Desktop/Free-Wiggum-opencode/projects/pictureshare/README.md
@@ -86,22 +86,28 @@
 6. Open pull request
 
 ## Current Phase
 
-**Phase 5: Group Permissions & Interactions** - In Progress
+**Phase 6: Testing, Polish & Launch** - In Progress
 
+- [x] Write unit tests for utilities (code generation, image compression) and service wrappers using Jest (144 tests passing)
+- [ ] Create integration tests with Firebase Emulators: test event join flow, upload, and real-time feed
+- [ ] Perform closed beta: distribute via Expo Go, collect feedback on UX and performance
+- [ ] Deploy to app stores: configure EAS build, submit to Apple TestFlight and Google Play Internal; monitor Firebase Crashlytics
+
+**Phase 5: Group Permissions & Interactions** - Completed
+
+- [x] Enable deletion: only photo owner or event creator can delete; remove from Storage and Firestore
 - [x] Add likes: create `likes` subcollection under each photo; toggle like on press; update aggregated like count
 - [x] Create lightweight comments: allow short text on photos; store in `comments` subcollection; real-time updates
 - [x] Show participant list per event with avatars (from Google Auth) and photo count; differentiate current user
 
 **Phase 4: Real-Time Feed & Sync** - Completed
 
-- [x] Real-time subscription to Firestore photos with onSnapshot listener
-- [x] FlatList rendering with download URL fetching
-- [x] Event context for managing current event state
-- [x] Optimistic UI updates after upload
-- [x] Infinite scroll pagination
-- [x] Offline-first behavior with local caching
+- [x] Subscribe to Firestore `photos` collection query `where eventId == current` with real-time listener; render in FlatList
+- [x] Implement optimistic UI: add photo to feed immediately after upload, mark pending, finalize on server confirmation
+- [x] Build infinite scroll pagination using Firestore cursor; load 20 initial photos, fetch more on scroll
+- [x] Add offline-first behavior: cache photos locally with `expo-file-system`; retry failed uploads when back online
 
 See [TASKS.md](./TASKS.md) for full roadmap.
 
 ## Authentication

[0m
Now I'll commit and push the changes:
[0m$ [0mgit status
On branch main
Changes not staged for commit:
  (use "git add <file>..." to update what will be committed)
  (use "git restore <file>..." to discard changes in working directory)
	modified:   README.md
	modified:   TASKS.md

Untracked files:
  (use "git add <file>..." to include in what will be committed)
	logs/iteration-73.md
	logs/worker-session-20260319-232514.log

no changes added to commit (use "git add" and/or "git commit -a")
[0m
